<?xml version="1.0" encoding="UTF-8"?>
<!-- Generated by org.testng.reporters.JUnitReportReporter -->
<testsuite hostname="DESKTOP-ADS3JVM" failures="0" tests="1" name="interViewPractice.Interview" time="0.015" errors="0" timestamp="2025-03-01T23:26:37 IST" skipped="0">
  <testcase classname="interViewPractice.Interview" name="findDoubleNumbersInArray" time="0.015"/>
</testsuite> <!-- interViewPractice.Interview -->
