<?xml version="1.0" encoding="UTF-8"?>
<!-- Generated by org.testng.reporters.JUnitReportReporter -->
<testsuite hostname="DESKTOP-ADS3JVM" failures="0" tests="3" name="frameWork.StandAlone" time="32.675" errors="0" timestamp="2025-01-10T20:05:00 IST" skipped="0">
  <testcase classname="frameWork.StandAlone" name="sumitOrder" time="13.349"/>
  <testcase classname="frameWork.StandAlone" name="sumitOrder" time="11.013"/>
  <testcase classname="frameWork.StandAlone" name="myOrdersTest" time="8.313"/>
</testsuite> <!-- frameWork.StandAlone -->
