<?xml version="1.0" encoding="UTF-8"?>
<!-- Generated by org.testng.reporters.JUnitReportReporter -->
<testsuite hostname="DESKTOP-ADS3JVM" failures="0" tests="1" name="scrollingTableGrid.TableScrolling" time="11.652" errors="0" timestamp="2025-01-13T17:51:38 IST" skipped="0">
  <testcase classname="scrollingTableGrid.TableScrolling" name="scrolling" time="11.652"/>
</testsuite> <!-- scrollingTableGrid.TableScrolling -->
