<?xml version="1.0" encoding="UTF-8"?>
<!-- Generated by org.testng.reporters.JUnitReportReporter -->
<testsuite hostname="DESKTOP-ADS3JVM" failures="0" tests="1" name="selenium4Learnin.Selenium4Features" time="14.139" errors="0" timestamp="2025-01-13T15:09:53 IST" skipped="0">
  <testcase classname="selenium4Learnin.Selenium4Features" name="selenium4Features" time="14.139"/>
</testsuite> <!-- selenium4Learnin.Selenium4Features -->
