<?xml version="1.0" encoding="UTF-8"?>
<!-- Generated by org.testng.reporters.JUnitReportReporter -->
<testsuite hostname="DESKTOP-ADS3JVM" failures="0" tests="1" name="interViewPractice.MultiDimentionalArrays" time="8.280" errors="0" timestamp="2025-02-05T14:10:08 IST" skipped="0">
  <testcase classname="interViewPractice.MultiDimentionalArrays" name="windowHandle" time="8.280"/>
</testsuite> <!-- interViewPractice.MultiDimentionalArrays -->
