<?xml version="1.0" encoding="UTF-8"?>
<!-- Generated by org.testng.reporters.JUnitReportReporter -->
<testsuite hostname="DESKTOP-ADS3JVM" failures="0" tests="2" name="interViewPractice.TestSuper1" time="0.027" errors="0" timestamp="2025-02-22T17:19:30 IST" skipped="0">
  <testcase classname="interViewPractice.TestSuper1" name="integerActions" time="0.008"/>
  <testcase classname="interViewPractice.TestSuper1" name="integerActions" time="0.019"/>
</testsuite> <!-- interViewPractice.TestSuper1 -->
