<?xml version="1.0" encoding="UTF-8"?>
<!-- Generated by org.testng.reporters.JUnitReportReporter -->
<testsuite hostname="DESKTOP-ADS3JVM" failures="0" tests="1" name="interViewPractice.Xpath" time="13.316" errors="0" timestamp="2025-01-15T14:51:42 IST" skipped="0">
  <testcase classname="interViewPractice.Xpath" name="relativeXpath" time="13.316"/>
</testsuite> <!-- interViewPractice.Xpath -->
