<?xml version="1.0" encoding="UTF-8"?>
<!-- Generated by org.testng.reporters.JUnitReportReporter -->
<testsuite hostname="DESKTOP-ADS3JVM" failures="0" tests="1" name="section17udemy.ThisKeyWord" time="0.025" errors="0" timestamp="2025-02-07T16:08:49 IST" skipped="0">
  <testcase classname="section17udemy.ThisKeyWord" name="tc1" time="0.025"/>
</testsuite> <!-- section17udemy.ThisKeyWord -->
