<?xml version="1.0" encoding="UTF-8"?>
<!-- Generated by org.testng.reporters.JUnitReportReporter -->
<testsuite hostname="DESKTOP-ADS3JVM" failures="0" tests="1" name="interViewPractice.Interview" time="0.019" errors="0" timestamp="2025-02-28T17:20:36 IST" skipped="0">
  <testcase classname="interViewPractice.Interview" name="stringReverse" time="0.019"/>
</testsuite> <!-- interViewPractice.Interview -->
