<?xml version="1.0" encoding="UTF-8"?>
<!-- Generated by org.testng.reporters.JUnitReportReporter -->
<testsuite hostname="DESKTOP-ADS3JVM" failures="0" tests="1" name="section17udemy.VariousMethods" time="6.744" errors="0" timestamp="2025-02-06T15:34:25 IST" skipped="0">
  <testcase classname="section17udemy.VariousMethods" name="windowHandles" time="6.744"/>
</testsuite> <!-- section17udemy.VariousMethods -->
