<?xml version="1.0" encoding="UTF-8"?>
<!-- Generated by org.testng.reporters.JUnitReportReporter -->
<testsuite hostname="DESKTOP-ADS3JVM" failures="0" tests="1" name="interViewPractice.Interview" time="0.017" errors="0" timestamp="2025-03-01T15:14:46 IST" skipped="0">
  <testcase classname="interViewPractice.Interview" name="findSecondSmallestElement" time="0.017"/>
</testsuite> <!-- interViewPractice.Interview -->
