<?xml version="1.0" encoding="UTF-8"?>
<!-- Generated by org.testng.reporters.JUnitReportReporter -->
<testsuite hostname="DESKTOP-ADS3JVM" failures="0" tests="1" name="interViewPractice.Interview" time="4.718" errors="0" timestamp="2025-02-28T16:37:09 IST" skipped="0">
  <testcase classname="interViewPractice.Interview" name="factorial" time="4.718"/>
</testsuite> <!-- interViewPractice.Interview -->
