<?xml version="1.0" encoding="UTF-8"?>
<!-- Generated by org.testng.reporters.JUnitReportReporter -->
<testsuite hostname="DESKTOP-ADS3JVM" failures="0" tests="1" name="interViewPractice.JavaArrays" time="0.014" errors="0" timestamp="2025-01-25T16:23:22 IST" skipped="0">
  <testcase classname="interViewPractice.JavaArrays" name="uniqueNumber" time="0.014"/>
</testsuite> <!-- interViewPractice.JavaArrays -->
