<?xml version="1.0" encoding="UTF-8"?>
<!-- Generated by org.testng.reporters.JUnitReportReporter -->
<testsuite hostname="DESKTOP-ADS3JVM" failures="0" tests="1" name="interViewPractice.TestSuperClass3" time="0.016" errors="0" timestamp="2025-02-22T15:12:34 IST" skipped="0">
  <testcase classname="interViewPractice.TestSuperClass3" name="factorial" time="0.016"/>
</testsuite> <!-- interViewPractice.TestSuperClass3 -->
